<?xml version="1.0" encoding="UTF-8"?>
<coverage generated="1760687203683" clover="3.2.0">
  <project timestamp="1760687203683" name="All files">
    <metrics statements="10" coveredstatements="0" conditionals="2" coveredconditionals="0" methods="1" coveredmethods="0" elements="13" coveredelements="0" complexity="0" loc="10" ncloc="10" packages="1" files="2" classes="2"/>
    <file name="index.js" path="/home/pritam-dev/code/accessments/string-calculator/index.js">
      <metrics statements="9" coveredstatements="0" conditionals="2" coveredconditionals="0" methods="1" coveredmethods="0"/>
      <line num="1" count="0" type="stmt"/>
      <line num="4" count="0" type="stmt"/>
      <line num="6" count="0" type="cond" truecount="0" falsecount="2"/>
      <line num="7" count="0" type="stmt"/>
      <line num="8" count="0" type="stmt"/>
      <line num="11" count="0" type="stmt"/>
      <line num="12" count="0" type="stmt"/>
      <line num="13" count="0" type="stmt"/>
      <line num="16" count="0" type="stmt"/>
    </file>
    <file name="jest.config.js" path="/home/pritam-dev/code/accessments/string-calculator/jest.config.js">
      <metrics statements="1" coveredstatements="0" conditionals="0" coveredconditionals="0" methods="0" coveredmethods="0"/>
      <line num="1" count="0" type="stmt"/>
    </file>
  </project>
</coverage>
